[1.295s] Invoking command in '/home/tanimoto/ros2_ws/src/mypkg': PYTHONPATH=/home/tanimoto/ros2_ws/install/mypkg/lib/python3.6/site-packages:${PYTHONPATH} /usr/bin/python3 setup.py egg_info --egg-base ../../build/mypkg build --build-base /home/tanimoto/ros2_ws/build/mypkg/build install --prefix /home/tanimoto/ros2_ws/install/mypkg --record /home/tanimoto/ros2_ws/build/mypkg/install.log --single-version-externally-managed
[1.734s] running egg_info
[1.734s] creating ../../build/mypkg/mypkg.egg-info
[1.736s] writing ../../build/mypkg/mypkg.egg-info/PKG-INFO
[1.739s] writing dependency_links to ../../build/mypkg/mypkg.egg-info/dependency_links.txt
[1.740s] writing entry points to ../../build/mypkg/mypkg.egg-info/entry_points.txt
[1.741s] writing requirements to ../../build/mypkg/mypkg.egg-info/requires.txt
[1.743s] writing top-level names to ../../build/mypkg/mypkg.egg-info/top_level.txt
[1.745s] writing manifest file '../../build/mypkg/mypkg.egg-info/SOURCES.txt'
[1.805s] reading manifest file '../../build/mypkg/mypkg.egg-info/SOURCES.txt'
[1.807s] writing manifest file '../../build/mypkg/mypkg.egg-info/SOURCES.txt'
[1.808s] running build
[1.808s] running build_py
[1.809s] creating /home/tanimoto/ros2_ws/build/mypkg/build
[1.809s] creating /home/tanimoto/ros2_ws/build/mypkg/build/lib
[1.809s] creating /home/tanimoto/ros2_ws/build/mypkg/build/lib/mypkg
[1.810s] copying mypkg/listener.py -> /home/tanimoto/ros2_ws/build/mypkg/build/lib/mypkg
[1.812s] copying mypkg/talker.py -> /home/tanimoto/ros2_ws/build/mypkg/build/lib/mypkg
[1.815s] copying mypkg/__init__.py -> /home/tanimoto/ros2_ws/build/mypkg/build/lib/mypkg
[1.816s] running install
[1.816s] running install_lib
[1.819s] creating /home/tanimoto/ros2_ws/install/mypkg/lib/python3.6/site-packages/mypkg
[1.819s] copying /home/tanimoto/ros2_ws/build/mypkg/build/lib/mypkg/listener.py -> /home/tanimoto/ros2_ws/install/mypkg/lib/python3.6/site-packages/mypkg
[1.822s] copying /home/tanimoto/ros2_ws/build/mypkg/build/lib/mypkg/talker.py -> /home/tanimoto/ros2_ws/install/mypkg/lib/python3.6/site-packages/mypkg
[1.825s] copying /home/tanimoto/ros2_ws/build/mypkg/build/lib/mypkg/__init__.py -> /home/tanimoto/ros2_ws/install/mypkg/lib/python3.6/site-packages/mypkg
[1.827s] byte-compiling /home/tanimoto/ros2_ws/install/mypkg/lib/python3.6/site-packages/mypkg/listener.py to listener.cpython-36.pyc
[1.832s] byte-compiling /home/tanimoto/ros2_ws/install/mypkg/lib/python3.6/site-packages/mypkg/talker.py to talker.cpython-36.pyc
[1.838s] byte-compiling /home/tanimoto/ros2_ws/install/mypkg/lib/python3.6/site-packages/mypkg/__init__.py to __init__.cpython-36.pyc
[1.839s] running install_data
[1.840s] creating /home/tanimoto/ros2_ws/install/mypkg/share/ament_index
[1.841s] creating /home/tanimoto/ros2_ws/install/mypkg/share/ament_index/resource_index
[1.841s] creating /home/tanimoto/ros2_ws/install/mypkg/share/ament_index/resource_index/packages
[1.841s] copying resource/mypkg -> /home/tanimoto/ros2_ws/install/mypkg/share/ament_index/resource_index/packages
[1.842s] copying package.xml -> /home/tanimoto/ros2_ws/install/mypkg/share/mypkg
[1.844s] copying launch/talk_listen.launch.py -> /home/tanimoto/ros2_ws/install/mypkg/share/mypkg
[1.845s] running install_egg_info
[1.850s] Copying ../../build/mypkg/mypkg.egg-info to /home/tanimoto/ros2_ws/install/mypkg/lib/python3.6/site-packages/mypkg-0.0.0-py3.6.egg-info
[1.870s] running install_scripts
[1.905s] Installing listener script to /home/tanimoto/ros2_ws/install/mypkg/lib/mypkg
[1.907s] Installing talker script to /home/tanimoto/ros2_ws/install/mypkg/lib/mypkg
[1.910s] writing list of installed files to '/home/tanimoto/ros2_ws/build/mypkg/install.log'
[1.949s] Invoked command in '/home/tanimoto/ros2_ws/src/mypkg' returned '0': PYTHONPATH=/home/tanimoto/ros2_ws/install/mypkg/lib/python3.6/site-packages:${PYTHONPATH} /usr/bin/python3 setup.py egg_info --egg-base ../../build/mypkg build --build-base /home/tanimoto/ros2_ws/build/mypkg/build install --prefix /home/tanimoto/ros2_ws/install/mypkg --record /home/tanimoto/ros2_ws/build/mypkg/install.log --single-version-externally-managed
