[1.245s] Invoking command in '/home/tanimoto/ros2_ws/src/mypkg': PYTHONPATH=/home/tanimoto/ros2_ws/install/mypkg/lib/python3.6/site-packages:${PYTHONPATH} /usr/bin/python3 setup.py egg_info --egg-base ../../build/mypkg build --build-base /home/tanimoto/ros2_ws/build/mypkg/build install --prefix /home/tanimoto/ros2_ws/install/mypkg --record /home/tanimoto/ros2_ws/build/mypkg/install.log --single-version-externally-managed
[1.687s] running egg_info
[1.687s] writing ../../build/mypkg/mypkg.egg-info/PKG-INFO
[1.688s] writing dependency_links to ../../build/mypkg/mypkg.egg-info/dependency_links.txt
[1.689s] writing entry points to ../../build/mypkg/mypkg.egg-info/entry_points.txt
[1.719s] writing requirements to ../../build/mypkg/mypkg.egg-info/requires.txt
[1.720s] writing top-level names to ../../build/mypkg/mypkg.egg-info/top_level.txt
[1.741s] reading manifest file '../../build/mypkg/mypkg.egg-info/SOURCES.txt'
[1.744s] writing manifest file '../../build/mypkg/mypkg.egg-info/SOURCES.txt'
[1.745s] running build
[1.745s] running build_py
[1.745s] copying mypkg/talker.py -> /home/tanimoto/ros2_ws/build/mypkg/build/lib/mypkg
[1.748s] running install
[1.748s] running install_lib
[1.750s] copying /home/tanimoto/ros2_ws/build/mypkg/build/lib/mypkg/talker.py -> /home/tanimoto/ros2_ws/install/mypkg/lib/python3.6/site-packages/mypkg
[1.755s] byte-compiling /home/tanimoto/ros2_ws/install/mypkg/lib/python3.6/site-packages/mypkg/talker.py to talker.cpython-36.pyc
[1.763s] running install_data
[1.764s] running install_egg_info
[1.767s] removing '/home/tanimoto/ros2_ws/install/mypkg/lib/python3.6/site-packages/mypkg-0.0.0-py3.6.egg-info' (and everything under it)
[1.771s] Copying ../../build/mypkg/mypkg.egg-info to /home/tanimoto/ros2_ws/install/mypkg/lib/python3.6/site-packages/mypkg-0.0.0-py3.6.egg-info
[1.794s] running install_scripts
[1.824s] Installing talker script to /home/tanimoto/ros2_ws/install/mypkg/lib/mypkg
[1.826s] writing list of installed files to '/home/tanimoto/ros2_ws/build/mypkg/install.log'
[1.855s] Invoked command in '/home/tanimoto/ros2_ws/src/mypkg' returned '0': PYTHONPATH=/home/tanimoto/ros2_ws/install/mypkg/lib/python3.6/site-packages:${PYTHONPATH} /usr/bin/python3 setup.py egg_info --egg-base ../../build/mypkg build --build-base /home/tanimoto/ros2_ws/build/mypkg/build install --prefix /home/tanimoto/ros2_ws/install/mypkg --record /home/tanimoto/ros2_ws/build/mypkg/install.log --single-version-externally-managed
