[0.492s] Invoking command in '/home/tanimoto/ros2_ws/build/person_msgs': CMAKE_PREFIX_PATH=/home/tanimoto/ros2_ws/install/mypkg:/opt/ros/dashing /usr/bin/cmake /home/tanimoto/ros2_ws/src/person_msgs -DCMAKE_INSTALL_PREFIX=/home/tanimoto/ros2_ws/install/person_msgs
[0.832s] -- The C compiler identification is GNU 7.5.0
[1.110s] -- The CXX compiler identification is GNU 7.5.0
[1.134s] -- Check for working C compiler: /usr/bin/cc
[1.725s] -- Check for working C compiler: /usr/bin/cc -- works
[1.726s] -- Detecting C compiler ABI info
[2.269s] -- Detecting C compiler ABI info - done
[2.287s] -- Detecting C compile features
[3.908s] -- Detecting C compile features - done
[3.934s] -- Check for working CXX compiler: /usr/bin/c++
[4.614s] -- Check for working CXX compiler: /usr/bin/c++ -- works
[4.621s] -- Detecting CXX compiler ABI info
[5.247s] -- Detecting CXX compiler ABI info - done
[5.283s] -- Detecting CXX compile features
[8.688s] -- Detecting CXX compile features - done
[8.734s] -- Found ament_cmake: 0.7.6 (/opt/ros/dashing/share/ament_cmake/cmake)
[8.845s] -- Found PythonInterp: /usr/bin/python3 (found suitable version "3.6.9", minimum required is "3") 
[8.845s] -- Using PYTHON_EXECUTABLE: /usr/bin/python3
[9.517s] -- Found ament_lint_auto: 0.7.12 (/opt/ros/dashing/share/ament_lint_auto/cmake)
[9.968s] -- Added test 'lint_cmake' to check CMake code style
[9.987s] -- Added test 'xmllint' to check XML markup files
[10.053s] -- Configuring done
[10.139s] -- Generating done
[10.216s] -- Build files have been written to: /home/tanimoto/ros2_ws/build/person_msgs
[10.231s] Invoked command in '/home/tanimoto/ros2_ws/build/person_msgs' returned '0': CMAKE_PREFIX_PATH=/home/tanimoto/ros2_ws/install/mypkg:/opt/ros/dashing /usr/bin/cmake /home/tanimoto/ros2_ws/src/person_msgs -DCMAKE_INSTALL_PREFIX=/home/tanimoto/ros2_ws/install/person_msgs
[10.255s] Invoking command in '/home/tanimoto/ros2_ws/build/person_msgs': CMAKE_PREFIX_PATH=/home/tanimoto/ros2_ws/install/mypkg:/opt/ros/dashing /usr/bin/cmake --build /home/tanimoto/ros2_ws/build/person_msgs -- -j8 -l8
[10.486s] Invoked command in '/home/tanimoto/ros2_ws/build/person_msgs' returned '0': CMAKE_PREFIX_PATH=/home/tanimoto/ros2_ws/install/mypkg:/opt/ros/dashing /usr/bin/cmake --build /home/tanimoto/ros2_ws/build/person_msgs -- -j8 -l8
[10.750s] Invoking command in '/home/tanimoto/ros2_ws/build/person_msgs': CMAKE_PREFIX_PATH=/home/tanimoto/ros2_ws/install/mypkg:/opt/ros/dashing /usr/bin/cmake --build /home/tanimoto/ros2_ws/build/person_msgs --target install -- -j8 -l8
[11.000s] [36mInstall the project...[0m
[11.056s] -- Install configuration: ""
[11.060s] -- Installing: /home/tanimoto/ros2_ws/install/person_msgs/share/ament_index/resource_index/package_run_dependencies/person_msgs
[11.080s] -- Installing: /home/tanimoto/ros2_ws/install/person_msgs/share/ament_index/resource_index/parent_prefix_path/person_msgs
[11.085s] -- Installing: /home/tanimoto/ros2_ws/install/person_msgs/share/person_msgs/environment/ament_prefix_path.sh
[11.088s] -- Installing: /home/tanimoto/ros2_ws/install/person_msgs/share/person_msgs/environment/path.sh
[11.090s] -- Installing: /home/tanimoto/ros2_ws/install/person_msgs/share/person_msgs/local_setup.bash
[11.093s] -- Installing: /home/tanimoto/ros2_ws/install/person_msgs/share/person_msgs/local_setup.sh
[11.097s] -- Installing: /home/tanimoto/ros2_ws/install/person_msgs/share/person_msgs/local_setup.zsh
[11.099s] -- Installing: /home/tanimoto/ros2_ws/install/person_msgs/share/ament_index/resource_index/packages/person_msgs
[11.101s] -- Installing: /home/tanimoto/ros2_ws/install/person_msgs/share/person_msgs/cmake/person_msgsConfig.cmake
[11.105s] -- Installing: /home/tanimoto/ros2_ws/install/person_msgs/share/person_msgs/cmake/person_msgsConfig-version.cmake
[11.107s] -- Installing: /home/tanimoto/ros2_ws/install/person_msgs/share/person_msgs/package.xml
[11.131s] Invoked command in '/home/tanimoto/ros2_ws/build/person_msgs' returned '0': CMAKE_PREFIX_PATH=/home/tanimoto/ros2_ws/install/mypkg:/opt/ros/dashing /usr/bin/cmake --build /home/tanimoto/ros2_ws/build/person_msgs --target install -- -j8 -l8
