[5.346s] DEBUG:colcon:Command line arguments: ['/usr/bin/colcon', 'build']
[5.346s] DEBUG:colcon:Parsed command line arguments: Namespace(allow_overriding=[], ament_cmake_args=None, base_paths=['.'], build_base='build', catkin_cmake_args=None, catkin_skip_building_tests=False, cmake_args=None, cmake_clean_cache=False, cmake_clean_first=False, cmake_force_configure=False, cmake_target=None, cmake_target_skip_unavailable=False, continue_on_error=False, event_handlers=None, executor='parallel', ignore_user_meta=False, install_base='install', log_base=None, log_level=None, main=<bound method BuildVerb.main of <colcon_core.verb.build.BuildVerb object at 0x7f0a13b02a20>>, merge_install=False, metas=['./colcon.meta'], packages_above=None, packages_above_and_dependencies=None, packages_above_depth=None, packages_end=None, packages_ignore=None, packages_ignore_regex=None, packages_select=None, packages_select_build_failed=False, packages_select_by_dep=None, packages_select_regex=None, packages_select_test_failures=False, packages_skip=None, packages_skip_build_finished=False, packages_skip_by_dep=None, packages_skip_regex=None, packages_skip_test_passed=False, packages_skip_up_to=None, packages_start=None, packages_up_to=None, packages_up_to_regex=None, parallel_workers=8, paths=None, symlink_install=False, test_result_base=None, verb_extension=<colcon_core.verb.build.BuildVerb object at 0x7f0a13b02a20>, verb_name='build', verb_parser=<colcon_defaults.argument_parser.defaults.DefaultArgumentsDecorator object at 0x7f0a13b02d68>)
[6.337s] Level 1:colcon.colcon_core.package_discovery:discover_packages(colcon_meta) check parameters
[6.338s] Level 1:colcon.colcon_core.package_discovery:discover_packages(recursive) check parameters
[6.339s] Level 1:colcon.colcon_core.package_discovery:discover_packages(ignore) check parameters
[6.339s] Level 1:colcon.colcon_core.package_discovery:discover_packages(path) check parameters
[6.339s] Level 1:colcon.colcon_core.package_discovery:discover_packages(colcon_meta) discover
[6.340s] Level 1:colcon.colcon_core.package_discovery:discover_packages(recursive) discover
[6.341s] INFO:colcon.colcon_core.package_discovery:Crawling recursively for packages in '/home/tanimoto/ros2_ws'
[6.341s] Level 1:colcon.colcon_core.package_identification:_identify(.) by extensions ['ignore', 'ignore_ament_install']
[6.342s] Level 1:colcon.colcon_core.package_identification:_identify(.) by extension 'ignore'
[6.343s] Level 1:colcon.colcon_core.package_identification:_identify(.) by extension 'ignore_ament_install'
[6.343s] Level 1:colcon.colcon_core.package_identification:_identify(.) by extensions ['colcon_pkg']
[6.343s] Level 1:colcon.colcon_core.package_identification:_identify(.) by extension 'colcon_pkg'
[6.343s] Level 1:colcon.colcon_core.package_identification:_identify(.) by extensions ['colcon_meta']
[6.344s] Level 1:colcon.colcon_core.package_identification:_identify(.) by extension 'colcon_meta'
[6.344s] Level 1:colcon.colcon_core.package_identification:_identify(.) by extensions ['ros']
[6.344s] Level 1:colcon.colcon_core.package_identification:_identify(.) by extension 'ros'
[6.550s] Level 1:colcon.colcon_core.package_identification:_identify(.) by extensions ['cmake', 'python']
[6.550s] Level 1:colcon.colcon_core.package_identification:_identify(.) by extension 'cmake'
[6.551s] Level 1:colcon.colcon_core.package_identification:_identify(.) by extension 'python'
[6.551s] Level 1:colcon.colcon_core.package_identification:_identify(.) by extensions ['python_setup_py']
[6.551s] Level 1:colcon.colcon_core.package_identification:_identify(.) by extension 'python_setup_py'
[6.552s] Level 1:colcon.colcon_core.package_identification:_identify(build) by extensions ['ignore', 'ignore_ament_install']
[6.553s] Level 1:colcon.colcon_core.package_identification:_identify(build) by extension 'ignore'
[6.553s] Level 1:colcon.colcon_core.package_identification:_identify(build) ignored
[6.555s] Level 1:colcon.colcon_core.package_identification:_identify(install) by extensions ['ignore', 'ignore_ament_install']
[6.555s] Level 1:colcon.colcon_core.package_identification:_identify(install) by extension 'ignore'
[6.556s] Level 1:colcon.colcon_core.package_identification:_identify(install) ignored
[6.556s] Level 1:colcon.colcon_core.package_identification:_identify(log) by extensions ['ignore', 'ignore_ament_install']
[6.557s] Level 1:colcon.colcon_core.package_identification:_identify(log) by extension 'ignore'
[6.557s] Level 1:colcon.colcon_core.package_identification:_identify(log) ignored
[6.558s] Level 1:colcon.colcon_core.package_identification:_identify(src) by extensions ['ignore', 'ignore_ament_install']
[6.558s] Level 1:colcon.colcon_core.package_identification:_identify(src) by extension 'ignore'
[6.559s] Level 1:colcon.colcon_core.package_identification:_identify(src) by extension 'ignore_ament_install'
[6.559s] Level 1:colcon.colcon_core.package_identification:_identify(src) by extensions ['colcon_pkg']
[6.559s] Level 1:colcon.colcon_core.package_identification:_identify(src) by extension 'colcon_pkg'
[6.559s] Level 1:colcon.colcon_core.package_identification:_identify(src) by extensions ['colcon_meta']
[6.560s] Level 1:colcon.colcon_core.package_identification:_identify(src) by extension 'colcon_meta'
[6.560s] Level 1:colcon.colcon_core.package_identification:_identify(src) by extensions ['ros']
[6.560s] Level 1:colcon.colcon_core.package_identification:_identify(src) by extension 'ros'
[6.561s] Level 1:colcon.colcon_core.package_identification:_identify(src) by extensions ['cmake', 'python']
[6.561s] Level 1:colcon.colcon_core.package_identification:_identify(src) by extension 'cmake'
[6.561s] Level 1:colcon.colcon_core.package_identification:_identify(src) by extension 'python'
[6.561s] Level 1:colcon.colcon_core.package_identification:_identify(src) by extensions ['python_setup_py']
[6.561s] Level 1:colcon.colcon_core.package_identification:_identify(src) by extension 'python_setup_py'
[6.562s] Level 1:colcon.colcon_core.package_identification:_identify(src/mypkg) by extensions ['ignore', 'ignore_ament_install']
[6.563s] Level 1:colcon.colcon_core.package_identification:_identify(src/mypkg) by extension 'ignore'
[6.563s] Level 1:colcon.colcon_core.package_identification:_identify(src/mypkg) by extension 'ignore_ament_install'
[6.563s] Level 1:colcon.colcon_core.package_identification:_identify(src/mypkg) by extensions ['colcon_pkg']
[6.564s] Level 1:colcon.colcon_core.package_identification:_identify(src/mypkg) by extension 'colcon_pkg'
[6.564s] Level 1:colcon.colcon_core.package_identification:_identify(src/mypkg) by extensions ['colcon_meta']
[6.564s] Level 1:colcon.colcon_core.package_identification:_identify(src/mypkg) by extension 'colcon_meta'
[6.564s] Level 1:colcon.colcon_core.package_identification:_identify(src/mypkg) by extensions ['ros']
[6.564s] Level 1:colcon.colcon_core.package_identification:_identify(src/mypkg) by extension 'ros'
[6.648s] DEBUG:colcon.colcon_core.package_identification:Package 'src/mypkg' with type 'ros.ament_python' and name 'mypkg'
[6.650s] Level 1:colcon.colcon_core.package_identification:_identify(src/person_msgs) by extensions ['ignore', 'ignore_ament_install']
[6.651s] Level 1:colcon.colcon_core.package_identification:_identify(src/person_msgs) by extension 'ignore'
[6.651s] Level 1:colcon.colcon_core.package_identification:_identify(src/person_msgs) by extension 'ignore_ament_install'
[6.652s] Level 1:colcon.colcon_core.package_identification:_identify(src/person_msgs) by extensions ['colcon_pkg']
[6.652s] Level 1:colcon.colcon_core.package_identification:_identify(src/person_msgs) by extension 'colcon_pkg'
[6.652s] Level 1:colcon.colcon_core.package_identification:_identify(src/person_msgs) by extensions ['colcon_meta']
[6.652s] Level 1:colcon.colcon_core.package_identification:_identify(src/person_msgs) by extension 'colcon_meta'
[6.653s] Level 1:colcon.colcon_core.package_identification:_identify(src/person_msgs) by extensions ['ros']
[6.653s] Level 1:colcon.colcon_core.package_identification:_identify(src/person_msgs) by extension 'ros'
[6.666s] DEBUG:colcon.colcon_core.package_identification:Package 'src/person_msgs' with type 'ros.ament_cmake' and name 'person_msgs'
[6.666s] Level 1:colcon.colcon_core.package_discovery:discover_packages(recursive) using defaults
[6.667s] Level 1:colcon.colcon_core.package_discovery:discover_packages(ignore) discover
[6.667s] Level 1:colcon.colcon_core.package_discovery:discover_packages(ignore) using defaults
[6.667s] Level 1:colcon.colcon_core.package_discovery:discover_packages(path) discover
[6.667s] Level 1:colcon.colcon_core.package_discovery:discover_packages(path) using defaults
[7.361s] Level 1:colcon.colcon_core.package_discovery:discover_packages(prefix_path) check parameters
[7.361s] Level 1:colcon.colcon_core.package_discovery:discover_packages(prefix_path) discover
[7.462s] DEBUG:colcon.colcon_installed_package_information.package_discovery:Found 2 installed packages in /home/tanimoto/ros2_ws/install
[7.472s] DEBUG:colcon.colcon_installed_package_information.package_discovery:Found 1 installed packages in /home/tanimoto/test_ws/install
[7.491s] DEBUG:colcon.colcon_installed_package_information.package_discovery:Found 215 installed packages in /opt/ros/dashing
[7.498s] Level 1:colcon.colcon_core.package_discovery:discover_packages(prefix_path) using defaults
[10.096s] Level 5:colcon.colcon_core.verb:set package 'mypkg' build argument 'cmake_args' from command line to 'None'
[10.096s] Level 5:colcon.colcon_core.verb:set package 'mypkg' build argument 'cmake_target' from command line to 'None'
[10.097s] Level 5:colcon.colcon_core.verb:set package 'mypkg' build argument 'cmake_target_skip_unavailable' from command line to 'False'
[10.097s] Level 5:colcon.colcon_core.verb:set package 'mypkg' build argument 'cmake_clean_cache' from command line to 'False'
[10.097s] Level 5:colcon.colcon_core.verb:set package 'mypkg' build argument 'cmake_clean_first' from command line to 'False'
[10.097s] Level 5:colcon.colcon_core.verb:set package 'mypkg' build argument 'cmake_force_configure' from command line to 'False'
[10.097s] Level 5:colcon.colcon_core.verb:set package 'mypkg' build argument 'ament_cmake_args' from command line to 'None'
[10.097s] Level 5:colcon.colcon_core.verb:set package 'mypkg' build argument 'catkin_cmake_args' from command line to 'None'
[10.098s] Level 5:colcon.colcon_core.verb:set package 'mypkg' build argument 'catkin_skip_building_tests' from command line to 'False'
[10.098s] DEBUG:colcon.colcon_core.verb:Building package 'mypkg' with the following arguments: {'ament_cmake_args': None, 'build_base': '/home/tanimoto/ros2_ws/build/mypkg', 'catkin_cmake_args': None, 'catkin_skip_building_tests': False, 'cmake_args': None, 'cmake_clean_cache': False, 'cmake_clean_first': False, 'cmake_force_configure': False, 'cmake_target': None, 'cmake_target_skip_unavailable': False, 'install_base': '/home/tanimoto/ros2_ws/install/mypkg', 'merge_install': False, 'path': '/home/tanimoto/ros2_ws/src/mypkg', 'symlink_install': False, 'test_result_base': None}
[10.102s] Level 5:colcon.colcon_core.verb:set package 'person_msgs' build argument 'cmake_args' from command line to 'None'
[10.103s] Level 5:colcon.colcon_core.verb:set package 'person_msgs' build argument 'cmake_target' from command line to 'None'
[10.103s] Level 5:colcon.colcon_core.verb:set package 'person_msgs' build argument 'cmake_target_skip_unavailable' from command line to 'False'
[10.103s] Level 5:colcon.colcon_core.verb:set package 'person_msgs' build argument 'cmake_clean_cache' from command line to 'False'
[10.103s] Level 5:colcon.colcon_core.verb:set package 'person_msgs' build argument 'cmake_clean_first' from command line to 'False'
[10.104s] Level 5:colcon.colcon_core.verb:set package 'person_msgs' build argument 'cmake_force_configure' from command line to 'False'
[10.104s] Level 5:colcon.colcon_core.verb:set package 'person_msgs' build argument 'ament_cmake_args' from command line to 'None'
[10.104s] Level 5:colcon.colcon_core.verb:set package 'person_msgs' build argument 'catkin_cmake_args' from command line to 'None'
[10.104s] Level 5:colcon.colcon_core.verb:set package 'person_msgs' build argument 'catkin_skip_building_tests' from command line to 'False'
[10.104s] DEBUG:colcon.colcon_core.verb:Building package 'person_msgs' with the following arguments: {'ament_cmake_args': None, 'build_base': '/home/tanimoto/ros2_ws/build/person_msgs', 'catkin_cmake_args': None, 'catkin_skip_building_tests': False, 'cmake_args': None, 'cmake_clean_cache': False, 'cmake_clean_first': False, 'cmake_force_configure': False, 'cmake_target': None, 'cmake_target_skip_unavailable': False, 'install_base': '/home/tanimoto/ros2_ws/install/person_msgs', 'merge_install': False, 'path': '/home/tanimoto/ros2_ws/src/person_msgs', 'symlink_install': False, 'test_result_base': None}
[10.114s] INFO:colcon.colcon_core.executor:Executing jobs using 'parallel' executor
[10.138s] DEBUG:colcon.colcon_parallel_executor.executor.parallel:run_until_complete
[10.139s] INFO:colcon.colcon_ros.task.ament_python.build:Building ROS package in '/home/tanimoto/ros2_ws/src/mypkg' with build type 'ament_python'
[10.140s] Level 1:colcon.colcon_core.shell:create_environment_hook('mypkg', 'ament_prefix_path')
[10.310s] INFO:colcon.colcon_core.plugin_system:Skipping extension 'colcon_core.shell.bat': Not used on non-Windows systems
[10.311s] INFO:colcon.colcon_core.shell:Creating environment hook '/home/tanimoto/ros2_ws/install/mypkg/share/mypkg/hook/ament_prefix_path.ps1'
[10.336s] INFO:colcon.colcon_core.shell:Creating environment descriptor '/home/tanimoto/ros2_ws/install/mypkg/share/mypkg/hook/ament_prefix_path.dsv'
[10.356s] INFO:colcon.colcon_core.shell:Creating environment hook '/home/tanimoto/ros2_ws/install/mypkg/share/mypkg/hook/ament_prefix_path.sh'
[10.379s] INFO:colcon.colcon_core.shell:Skip shell extension 'powershell' for command environment: Not usable outside of PowerShell
[10.380s] DEBUG:colcon.colcon_core.shell:Skip shell extension 'dsv' for command environment
[10.447s] INFO:colcon.colcon_ros.task.ament_cmake.build:Building ROS package in '/home/tanimoto/ros2_ws/src/person_msgs' with build type 'ament_cmake'
[10.450s] INFO:colcon.colcon_cmake.task.cmake.build:Building CMake package in '/home/tanimoto/ros2_ws/src/person_msgs'
[10.456s] INFO:colcon.colcon_core.shell:Skip shell extension 'powershell' for command environment: Not usable outside of PowerShell
[10.457s] DEBUG:colcon.colcon_core.shell:Skip shell extension 'dsv' for command environment
[11.046s] INFO:colcon.colcon_core.task.python.build:Building Python package in '/home/tanimoto/ros2_ws/src/mypkg'
[11.054s] INFO:colcon.colcon_core.shell:Skip shell extension 'powershell' for command environment: Not usable outside of PowerShell
[11.055s] DEBUG:colcon.colcon_core.shell:Skip shell extension 'dsv' for command environment
[11.154s] DEBUG:colcon.colcon_core.event_handler.log_command:Invoking command in '/home/tanimoto/ros2_ws/build/person_msgs': CMAKE_PREFIX_PATH=${CMAKE_PREFIX_PATH}:/home/tanimoto/test_ws/install/mypkg:/home/tanimoto/ros2_ws/install/mypkg:/opt/ros/dashing /usr/bin/cmake --build /home/tanimoto/ros2_ws/build/person_msgs -- -j8 -l8
[12.220s] DEBUG:colcon.colcon_core.event_handler.log_command:Invoked command in '/home/tanimoto/ros2_ws/build/person_msgs' returned '0': CMAKE_PREFIX_PATH=${CMAKE_PREFIX_PATH}:/home/tanimoto/test_ws/install/mypkg:/home/tanimoto/ros2_ws/install/mypkg:/opt/ros/dashing /usr/bin/cmake --build /home/tanimoto/ros2_ws/build/person_msgs -- -j8 -l8
[12.530s] DEBUG:colcon.colcon_core.event_handler.log_command:Invoking command in '/home/tanimoto/ros2_ws/build/person_msgs': CMAKE_PREFIX_PATH=${CMAKE_PREFIX_PATH}:/home/tanimoto/test_ws/install/mypkg:/home/tanimoto/ros2_ws/install/mypkg:/opt/ros/dashing /usr/bin/cmake --build /home/tanimoto/ros2_ws/build/person_msgs --target install -- -j8 -l8
[12.905s] Level 1:colcon.colcon_core.environment:create_environment_scripts_only(person_msgs)
[12.909s] DEBUG:colcon.colcon_core.event_handler.log_command:Invoked command in '/home/tanimoto/ros2_ws/build/person_msgs' returned '0': CMAKE_PREFIX_PATH=${CMAKE_PREFIX_PATH}:/home/tanimoto/test_ws/install/mypkg:/home/tanimoto/ros2_ws/install/mypkg:/opt/ros/dashing /usr/bin/cmake --build /home/tanimoto/ros2_ws/build/person_msgs --target install -- -j8 -l8
[13.091s] Level 1:colcon.colcon_core.environment:checking '/home/tanimoto/ros2_ws/install/person_msgs' for CMake module files
[13.101s] Level 1:colcon.colcon_core.environment:checking '/home/tanimoto/ros2_ws/install/person_msgs' for CMake config files
[13.105s] Level 1:colcon.colcon_core.shell:create_environment_hook('person_msgs', 'cmake_prefix_path')
[13.110s] INFO:colcon.colcon_core.shell:Creating environment hook '/home/tanimoto/ros2_ws/install/person_msgs/share/person_msgs/hook/cmake_prefix_path.ps1'
[13.116s] INFO:colcon.colcon_core.shell:Creating environment descriptor '/home/tanimoto/ros2_ws/install/person_msgs/share/person_msgs/hook/cmake_prefix_path.dsv'
[13.120s] INFO:colcon.colcon_core.shell:Creating environment hook '/home/tanimoto/ros2_ws/install/person_msgs/share/person_msgs/hook/cmake_prefix_path.sh'
[13.127s] Level 1:colcon.colcon_core.environment:checking '/home/tanimoto/ros2_ws/install/person_msgs/bin'
[13.127s] Level 1:colcon.colcon_core.environment:checking '/home/tanimoto/ros2_ws/install/person_msgs/lib/pkgconfig/person_msgs.pc'
[13.128s] Level 1:colcon.colcon_core.environment:checking '/home/tanimoto/ros2_ws/install/person_msgs/lib/python3.6/site-packages'
[13.129s] Level 1:colcon.colcon_core.environment:checking '/home/tanimoto/ros2_ws/install/person_msgs/bin'
[13.134s] INFO:colcon.colcon_core.shell:Creating package script '/home/tanimoto/ros2_ws/install/person_msgs/share/person_msgs/package.ps1'
[13.162s] INFO:colcon.colcon_core.shell:Creating package descriptor '/home/tanimoto/ros2_ws/install/person_msgs/share/person_msgs/package.dsv'
[13.176s] INFO:colcon.colcon_core.shell:Creating package script '/home/tanimoto/ros2_ws/install/person_msgs/share/person_msgs/package.sh'
[13.196s] INFO:colcon.colcon_core.shell:Creating package script '/home/tanimoto/ros2_ws/install/person_msgs/share/person_msgs/package.bash'
[13.209s] INFO:colcon.colcon_core.shell:Creating package script '/home/tanimoto/ros2_ws/install/person_msgs/share/person_msgs/package.zsh'
[13.224s] Level 1:colcon.colcon_core.environment:create_file_with_runtime_dependencies(/home/tanimoto/ros2_ws/install/person_msgs/share/colcon-core/packages/person_msgs)
[13.425s] Level 1:colcon.colcon_core.environment:create_environment_scripts_only(person_msgs)
[13.432s] Level 1:colcon.colcon_core.environment:checking '/home/tanimoto/ros2_ws/install/person_msgs' for CMake module files
[13.437s] Level 1:colcon.colcon_core.environment:checking '/home/tanimoto/ros2_ws/install/person_msgs' for CMake config files
[13.440s] Level 1:colcon.colcon_core.shell:create_environment_hook('person_msgs', 'cmake_prefix_path')
[13.444s] INFO:colcon.colcon_core.shell:Creating environment hook '/home/tanimoto/ros2_ws/install/person_msgs/share/person_msgs/hook/cmake_prefix_path.ps1'
[13.448s] INFO:colcon.colcon_core.shell:Creating environment descriptor '/home/tanimoto/ros2_ws/install/person_msgs/share/person_msgs/hook/cmake_prefix_path.dsv'
[13.450s] INFO:colcon.colcon_core.shell:Creating environment hook '/home/tanimoto/ros2_ws/install/person_msgs/share/person_msgs/hook/cmake_prefix_path.sh'
[13.456s] Level 1:colcon.colcon_core.environment:checking '/home/tanimoto/ros2_ws/install/person_msgs/bin'
[13.457s] Level 1:colcon.colcon_core.environment:checking '/home/tanimoto/ros2_ws/install/person_msgs/lib/pkgconfig/person_msgs.pc'
[13.458s] Level 1:colcon.colcon_core.environment:checking '/home/tanimoto/ros2_ws/install/person_msgs/lib/python3.6/site-packages'
[13.459s] Level 1:colcon.colcon_core.environment:checking '/home/tanimoto/ros2_ws/install/person_msgs/bin'
[13.464s] INFO:colcon.colcon_core.shell:Creating package script '/home/tanimoto/ros2_ws/install/person_msgs/share/person_msgs/package.ps1'
[13.467s] INFO:colcon.colcon_core.shell:Creating package descriptor '/home/tanimoto/ros2_ws/install/person_msgs/share/person_msgs/package.dsv'
[13.470s] INFO:colcon.colcon_core.shell:Creating package script '/home/tanimoto/ros2_ws/install/person_msgs/share/person_msgs/package.sh'
[13.473s] INFO:colcon.colcon_core.shell:Creating package script '/home/tanimoto/ros2_ws/install/person_msgs/share/person_msgs/package.bash'
[13.476s] INFO:colcon.colcon_core.shell:Creating package script '/home/tanimoto/ros2_ws/install/person_msgs/share/person_msgs/package.zsh'
[13.479s] Level 1:colcon.colcon_core.environment:create_file_with_runtime_dependencies(/home/tanimoto/ros2_ws/install/person_msgs/share/colcon-core/packages/person_msgs)
[13.994s] DEBUG:colcon.colcon_core.event_handler.log_command:Invoking command in '/home/tanimoto/ros2_ws/src/mypkg': PYTHONPATH=/home/tanimoto/ros2_ws/install/mypkg/lib/python3.6/site-packages:${PYTHONPATH} /usr/bin/python3 setup.py egg_info --egg-base ../../build/mypkg build --build-base /home/tanimoto/ros2_ws/build/mypkg/build install --prefix /home/tanimoto/ros2_ws/install/mypkg --record /home/tanimoto/ros2_ws/build/mypkg/install.log --single-version-externally-managed
[14.648s] Level 1:colcon.colcon_core.environment:checking '/home/tanimoto/ros2_ws/install/mypkg' for CMake module files
[14.651s] DEBUG:colcon.colcon_core.event_handler.log_command:Invoked command in '/home/tanimoto/ros2_ws/src/mypkg' returned '0': PYTHONPATH=/home/tanimoto/ros2_ws/install/mypkg/lib/python3.6/site-packages:${PYTHONPATH} /usr/bin/python3 setup.py egg_info --egg-base ../../build/mypkg build --build-base /home/tanimoto/ros2_ws/build/mypkg/build install --prefix /home/tanimoto/ros2_ws/install/mypkg --record /home/tanimoto/ros2_ws/build/mypkg/install.log --single-version-externally-managed
[14.656s] Level 1:colcon.colcon_core.environment:checking '/home/tanimoto/ros2_ws/install/mypkg' for CMake config files
[14.664s] Level 1:colcon.colcon_core.environment:checking '/home/tanimoto/ros2_ws/install/mypkg/lib'
[14.666s] Level 1:colcon.colcon_core.environment:checking '/home/tanimoto/ros2_ws/install/mypkg/bin'
[14.666s] Level 1:colcon.colcon_core.environment:checking '/home/tanimoto/ros2_ws/install/mypkg/lib/pkgconfig/mypkg.pc'
[14.667s] Level 1:colcon.colcon_core.environment:checking '/home/tanimoto/ros2_ws/install/mypkg/lib/python3.6/site-packages'
[14.668s] Level 1:colcon.colcon_core.shell:create_environment_hook('mypkg', 'pythonpath')
[14.672s] INFO:colcon.colcon_core.shell:Creating environment hook '/home/tanimoto/ros2_ws/install/mypkg/share/mypkg/hook/pythonpath.ps1'
[14.678s] INFO:colcon.colcon_core.shell:Creating environment descriptor '/home/tanimoto/ros2_ws/install/mypkg/share/mypkg/hook/pythonpath.dsv'
[14.681s] INFO:colcon.colcon_core.shell:Creating environment hook '/home/tanimoto/ros2_ws/install/mypkg/share/mypkg/hook/pythonpath.sh'
[14.685s] Level 1:colcon.colcon_core.environment:checking '/home/tanimoto/ros2_ws/install/mypkg/bin'
[14.686s] Level 1:colcon.colcon_core.environment:create_environment_scripts_only(mypkg)
[14.691s] INFO:colcon.colcon_core.shell:Creating package script '/home/tanimoto/ros2_ws/install/mypkg/share/mypkg/package.ps1'
[14.695s] INFO:colcon.colcon_core.shell:Creating package descriptor '/home/tanimoto/ros2_ws/install/mypkg/share/mypkg/package.dsv'
[14.699s] INFO:colcon.colcon_core.shell:Creating package script '/home/tanimoto/ros2_ws/install/mypkg/share/mypkg/package.sh'
[14.703s] INFO:colcon.colcon_core.shell:Creating package script '/home/tanimoto/ros2_ws/install/mypkg/share/mypkg/package.bash'
[14.706s] INFO:colcon.colcon_core.shell:Creating package script '/home/tanimoto/ros2_ws/install/mypkg/share/mypkg/package.zsh'
[14.710s] Level 1:colcon.colcon_core.environment:create_file_with_runtime_dependencies(/home/tanimoto/ros2_ws/install/mypkg/share/colcon-core/packages/mypkg)
[14.713s] DEBUG:colcon.colcon_parallel_executor.executor.parallel:closing loop
[14.715s] DEBUG:colcon.colcon_parallel_executor.executor.parallel:loop closed
[14.716s] DEBUG:colcon.colcon_parallel_executor.executor.parallel:run_until_complete finished with '0'
[14.718s] DEBUG:colcon.colcon_core.event_reactor:joining thread
[14.975s] INFO:colcon.colcon_core.plugin_system:Skipping extension 'colcon_notification.desktop_notification.notify_send': Could not find 'notify-send'
[14.976s] INFO:colcon.colcon_core.plugin_system:Skipping extension 'colcon_notification.desktop_notification.terminal_notifier': Not used on non-Darwin systems
[14.976s] INFO:colcon.colcon_core.plugin_system:Skipping extension 'colcon_notification.desktop_notification.win32': Not used on non-Windows systems
[14.976s] INFO:colcon.colcon_notification.desktop_notification:Sending desktop notification using 'notify2'
[15.091s] DEBUG:colcon.colcon_notification.desktop_notification.notify2:Failed to initialize notify2: org.freedesktop.DBus.Error.ServiceUnknown: The name org.freedesktop.Notifications was not provided by any .service files
[15.094s] DEBUG:colcon.colcon_core.event_reactor:joined thread
[15.103s] INFO:colcon.colcon_core.shell:Creating prefix script '/home/tanimoto/ros2_ws/install/local_setup.ps1'
[15.133s] INFO:colcon.colcon_core.shell:Creating prefix util module '/home/tanimoto/ros2_ws/install/_local_setup_util_ps1.py'
[15.156s] INFO:colcon.colcon_core.shell:Creating prefix chain script '/home/tanimoto/ros2_ws/install/setup.ps1'
[15.180s] INFO:colcon.colcon_core.shell:Creating prefix script '/home/tanimoto/ros2_ws/install/local_setup.sh'
[15.201s] INFO:colcon.colcon_core.shell:Creating prefix util module '/home/tanimoto/ros2_ws/install/_local_setup_util_sh.py'
[15.205s] INFO:colcon.colcon_core.shell:Creating prefix chain script '/home/tanimoto/ros2_ws/install/setup.sh'
[15.231s] INFO:colcon.colcon_core.shell:Creating prefix script '/home/tanimoto/ros2_ws/install/local_setup.bash'
[15.257s] INFO:colcon.colcon_core.shell:Creating prefix chain script '/home/tanimoto/ros2_ws/install/setup.bash'
[15.283s] INFO:colcon.colcon_core.shell:Creating prefix script '/home/tanimoto/ros2_ws/install/local_setup.zsh'
[15.305s] INFO:colcon.colcon_core.shell:Creating prefix chain script '/home/tanimoto/ros2_ws/install/setup.zsh'
