[1.233s] Invoking command in '/home/tanimoto/ros2_ws/src/mypkg': PYTHONPATH=/home/tanimoto/ros2_ws/install/mypkg/lib/python3.6/site-packages:${PYTHONPATH} /usr/bin/python3 setup.py egg_info --egg-base ../../build/mypkg build --build-base /home/tanimoto/ros2_ws/build/mypkg/build install --prefix /home/tanimoto/ros2_ws/install/mypkg --record /home/tanimoto/ros2_ws/build/mypkg/install.log --single-version-externally-managed
[1.682s] running egg_info
[1.682s] writing ../../build/mypkg/mypkg.egg-info/PKG-INFO
[1.683s] writing dependency_links to ../../build/mypkg/mypkg.egg-info/dependency_links.txt
[1.685s] writing entry points to ../../build/mypkg/mypkg.egg-info/entry_points.txt
[1.691s] writing requirements to ../../build/mypkg/mypkg.egg-info/requires.txt
[1.691s] writing top-level names to ../../build/mypkg/mypkg.egg-info/top_level.txt
[1.727s] reading manifest file '../../build/mypkg/mypkg.egg-info/SOURCES.txt'
[1.729s] writing manifest file '../../build/mypkg/mypkg.egg-info/SOURCES.txt'
[1.730s] running build
[1.730s] running build_py
[1.731s] running install
[1.732s] running install_lib
[1.735s] running install_data
[1.736s] running install_egg_info
[1.739s] removing '/home/tanimoto/ros2_ws/install/mypkg/lib/python3.6/site-packages/mypkg-0.0.0-py3.6.egg-info' (and everything under it)
[1.743s] Copying ../../build/mypkg/mypkg.egg-info to /home/tanimoto/ros2_ws/install/mypkg/lib/python3.6/site-packages/mypkg-0.0.0-py3.6.egg-info
[1.777s] running install_scripts
[1.807s] Installing talker script to /home/tanimoto/ros2_ws/install/mypkg/lib/mypkg
[1.809s] writing list of installed files to '/home/tanimoto/ros2_ws/build/mypkg/install.log'
[1.845s] Invoked command in '/home/tanimoto/ros2_ws/src/mypkg' returned '0': PYTHONPATH=/home/tanimoto/ros2_ws/install/mypkg/lib/python3.6/site-packages:${PYTHONPATH} /usr/bin/python3 setup.py egg_info --egg-base ../../build/mypkg build --build-base /home/tanimoto/ros2_ws/build/mypkg/build install --prefix /home/tanimoto/ros2_ws/install/mypkg --record /home/tanimoto/ros2_ws/build/mypkg/install.log --single-version-externally-managed
