[0.353s] DEBUG:colcon:Command line arguments: ['/usr/bin/colcon', 'build']
[0.353s] DEBUG:colcon:Parsed command line arguments: Namespace(allow_overriding=[], ament_cmake_args=None, base_paths=['.'], build_base='build', catkin_cmake_args=None, catkin_skip_building_tests=False, cmake_args=None, cmake_clean_cache=False, cmake_clean_first=False, cmake_force_configure=False, cmake_target=None, cmake_target_skip_unavailable=False, continue_on_error=False, event_handlers=None, executor='parallel', ignore_user_meta=False, install_base='install', log_base=None, log_level=None, main=<bound method BuildVerb.main of <colcon_core.verb.build.BuildVerb object at 0x7f5477304d30>>, merge_install=False, metas=['./colcon.meta'], packages_above=None, packages_above_and_dependencies=None, packages_above_depth=None, packages_end=None, packages_ignore=None, packages_ignore_regex=None, packages_select=None, packages_select_build_failed=False, packages_select_by_dep=None, packages_select_regex=None, packages_select_test_failures=False, packages_skip=None, packages_skip_build_finished=False, packages_skip_by_dep=None, packages_skip_regex=None, packages_skip_test_passed=False, packages_skip_up_to=None, packages_start=None, packages_up_to=None, packages_up_to_regex=None, parallel_workers=8, paths=None, symlink_install=False, test_result_base=None, verb_extension=<colcon_core.verb.build.BuildVerb object at 0x7f5477304d30>, verb_name='build', verb_parser=<colcon_defaults.argument_parser.defaults.DefaultArgumentsDecorator object at 0x7f54773120b8>)
[0.411s] Level 1:colcon.colcon_core.package_discovery:discover_packages(colcon_meta) check parameters
[0.411s] Level 1:colcon.colcon_core.package_discovery:discover_packages(recursive) check parameters
[0.411s] Level 1:colcon.colcon_core.package_discovery:discover_packages(ignore) check parameters
[0.411s] Level 1:colcon.colcon_core.package_discovery:discover_packages(path) check parameters
[0.411s] Level 1:colcon.colcon_core.package_discovery:discover_packages(colcon_meta) discover
[0.412s] Level 1:colcon.colcon_core.package_discovery:discover_packages(recursive) discover
[0.412s] INFO:colcon.colcon_core.package_discovery:Crawling recursively for packages in '/home/tanimoto/ros2_ws'
[0.412s] Level 1:colcon.colcon_core.package_identification:_identify(.) by extensions ['ignore', 'ignore_ament_install']
[0.412s] Level 1:colcon.colcon_core.package_identification:_identify(.) by extension 'ignore'
[0.412s] Level 1:colcon.colcon_core.package_identification:_identify(.) by extension 'ignore_ament_install'
[0.413s] Level 1:colcon.colcon_core.package_identification:_identify(.) by extensions ['colcon_pkg']
[0.413s] Level 1:colcon.colcon_core.package_identification:_identify(.) by extension 'colcon_pkg'
[0.413s] Level 1:colcon.colcon_core.package_identification:_identify(.) by extensions ['colcon_meta']
[0.413s] Level 1:colcon.colcon_core.package_identification:_identify(.) by extension 'colcon_meta'
[0.413s] Level 1:colcon.colcon_core.package_identification:_identify(.) by extensions ['ros']
[0.413s] Level 1:colcon.colcon_core.package_identification:_identify(.) by extension 'ros'
[0.440s] Level 1:colcon.colcon_core.package_identification:_identify(.) by extensions ['cmake', 'python']
[0.440s] Level 1:colcon.colcon_core.package_identification:_identify(.) by extension 'cmake'
[0.440s] Level 1:colcon.colcon_core.package_identification:_identify(.) by extension 'python'
[0.441s] Level 1:colcon.colcon_core.package_identification:_identify(.) by extensions ['python_setup_py']
[0.441s] Level 1:colcon.colcon_core.package_identification:_identify(.) by extension 'python_setup_py'
[0.441s] Level 1:colcon.colcon_core.package_identification:_identify(build) by extensions ['ignore', 'ignore_ament_install']
[0.441s] Level 1:colcon.colcon_core.package_identification:_identify(build) by extension 'ignore'
[0.441s] Level 1:colcon.colcon_core.package_identification:_identify(build) ignored
[0.442s] Level 1:colcon.colcon_core.package_identification:_identify(install) by extensions ['ignore', 'ignore_ament_install']
[0.442s] Level 1:colcon.colcon_core.package_identification:_identify(install) by extension 'ignore'
[0.442s] Level 1:colcon.colcon_core.package_identification:_identify(install) ignored
[0.442s] Level 1:colcon.colcon_core.package_identification:_identify(log) by extensions ['ignore', 'ignore_ament_install']
[0.442s] Level 1:colcon.colcon_core.package_identification:_identify(log) by extension 'ignore'
[0.442s] Level 1:colcon.colcon_core.package_identification:_identify(log) ignored
[0.443s] Level 1:colcon.colcon_core.package_identification:_identify(src) by extensions ['ignore', 'ignore_ament_install']
[0.443s] Level 1:colcon.colcon_core.package_identification:_identify(src) by extension 'ignore'
[0.443s] Level 1:colcon.colcon_core.package_identification:_identify(src) by extension 'ignore_ament_install'
[0.443s] Level 1:colcon.colcon_core.package_identification:_identify(src) by extensions ['colcon_pkg']
[0.443s] Level 1:colcon.colcon_core.package_identification:_identify(src) by extension 'colcon_pkg'
[0.443s] Level 1:colcon.colcon_core.package_identification:_identify(src) by extensions ['colcon_meta']
[0.443s] Level 1:colcon.colcon_core.package_identification:_identify(src) by extension 'colcon_meta'
[0.443s] Level 1:colcon.colcon_core.package_identification:_identify(src) by extensions ['ros']
[0.444s] Level 1:colcon.colcon_core.package_identification:_identify(src) by extension 'ros'
[0.444s] Level 1:colcon.colcon_core.package_identification:_identify(src) by extensions ['cmake', 'python']
[0.444s] Level 1:colcon.colcon_core.package_identification:_identify(src) by extension 'cmake'
[0.444s] Level 1:colcon.colcon_core.package_identification:_identify(src) by extension 'python'
[0.444s] Level 1:colcon.colcon_core.package_identification:_identify(src) by extensions ['python_setup_py']
[0.444s] Level 1:colcon.colcon_core.package_identification:_identify(src) by extension 'python_setup_py'
[0.444s] Level 1:colcon.colcon_core.package_identification:_identify(src/mypkg) by extensions ['ignore', 'ignore_ament_install']
[0.445s] Level 1:colcon.colcon_core.package_identification:_identify(src/mypkg) by extension 'ignore'
[0.445s] Level 1:colcon.colcon_core.package_identification:_identify(src/mypkg) by extension 'ignore_ament_install'
[0.445s] Level 1:colcon.colcon_core.package_identification:_identify(src/mypkg) by extensions ['colcon_pkg']
[0.445s] Level 1:colcon.colcon_core.package_identification:_identify(src/mypkg) by extension 'colcon_pkg'
[0.445s] Level 1:colcon.colcon_core.package_identification:_identify(src/mypkg) by extensions ['colcon_meta']
[0.445s] Level 1:colcon.colcon_core.package_identification:_identify(src/mypkg) by extension 'colcon_meta'
[0.445s] Level 1:colcon.colcon_core.package_identification:_identify(src/mypkg) by extensions ['ros']
[0.445s] Level 1:colcon.colcon_core.package_identification:_identify(src/mypkg) by extension 'ros'
[0.449s] DEBUG:colcon.colcon_core.package_identification:Package 'src/mypkg' with type 'ros.ament_python' and name 'mypkg'
[0.450s] Level 1:colcon.colcon_core.package_identification:_identify(src/person_msgs) by extensions ['ignore', 'ignore_ament_install']
[0.450s] Level 1:colcon.colcon_core.package_identification:_identify(src/person_msgs) by extension 'ignore'
[0.450s] Level 1:colcon.colcon_core.package_identification:_identify(src/person_msgs) by extension 'ignore_ament_install'
[0.450s] Level 1:colcon.colcon_core.package_identification:_identify(src/person_msgs) by extensions ['colcon_pkg']
[0.450s] Level 1:colcon.colcon_core.package_identification:_identify(src/person_msgs) by extension 'colcon_pkg'
[0.450s] Level 1:colcon.colcon_core.package_identification:_identify(src/person_msgs) by extensions ['colcon_meta']
[0.450s] Level 1:colcon.colcon_core.package_identification:_identify(src/person_msgs) by extension 'colcon_meta'
[0.450s] Level 1:colcon.colcon_core.package_identification:_identify(src/person_msgs) by extensions ['ros']
[0.450s] Level 1:colcon.colcon_core.package_identification:_identify(src/person_msgs) by extension 'ros'
[0.451s] DEBUG:colcon.colcon_core.package_identification:Package 'src/person_msgs' with type 'ros.ament_cmake' and name 'person_msgs'
[0.451s] Level 1:colcon.colcon_core.package_discovery:discover_packages(recursive) using defaults
[0.452s] Level 1:colcon.colcon_core.package_discovery:discover_packages(ignore) discover
[0.452s] Level 1:colcon.colcon_core.package_discovery:discover_packages(ignore) using defaults
[0.452s] Level 1:colcon.colcon_core.package_discovery:discover_packages(path) discover
[0.452s] Level 1:colcon.colcon_core.package_discovery:discover_packages(path) using defaults
[0.483s] Level 1:colcon.colcon_core.package_discovery:discover_packages(prefix_path) check parameters
[0.484s] Level 1:colcon.colcon_core.package_discovery:discover_packages(prefix_path) discover
[0.487s] WARNING:colcon.colcon_ros.prefix_path.ament:The path '/home/tanimoto/ros2_ws/install/mypkg' in the environment variable AMENT_PREFIX_PATH doesn't exist
[0.495s] DEBUG:colcon.colcon_installed_package_information.package_discovery:Found 0 installed packages in /home/tanimoto/ros2_ws/install
[0.499s] DEBUG:colcon.colcon_installed_package_information.package_discovery:Found 215 installed packages in /opt/ros/dashing
[0.501s] Level 1:colcon.colcon_core.package_discovery:discover_packages(prefix_path) using defaults
[0.620s] Level 5:colcon.colcon_core.verb:set package 'mypkg' build argument 'cmake_args' from command line to 'None'
[0.620s] Level 5:colcon.colcon_core.verb:set package 'mypkg' build argument 'cmake_target' from command line to 'None'
[0.620s] Level 5:colcon.colcon_core.verb:set package 'mypkg' build argument 'cmake_target_skip_unavailable' from command line to 'False'
[0.620s] Level 5:colcon.colcon_core.verb:set package 'mypkg' build argument 'cmake_clean_cache' from command line to 'False'
[0.620s] Level 5:colcon.colcon_core.verb:set package 'mypkg' build argument 'cmake_clean_first' from command line to 'False'
[0.620s] Level 5:colcon.colcon_core.verb:set package 'mypkg' build argument 'cmake_force_configure' from command line to 'False'
[0.620s] Level 5:colcon.colcon_core.verb:set package 'mypkg' build argument 'ament_cmake_args' from command line to 'None'
[0.620s] Level 5:colcon.colcon_core.verb:set package 'mypkg' build argument 'catkin_cmake_args' from command line to 'None'
[0.620s] Level 5:colcon.colcon_core.verb:set package 'mypkg' build argument 'catkin_skip_building_tests' from command line to 'False'
[0.620s] DEBUG:colcon.colcon_core.verb:Building package 'mypkg' with the following arguments: {'ament_cmake_args': None, 'build_base': '/home/tanimoto/ros2_ws/build/mypkg', 'catkin_cmake_args': None, 'catkin_skip_building_tests': False, 'cmake_args': None, 'cmake_clean_cache': False, 'cmake_clean_first': False, 'cmake_force_configure': False, 'cmake_target': None, 'cmake_target_skip_unavailable': False, 'install_base': '/home/tanimoto/ros2_ws/install/mypkg', 'merge_install': False, 'path': '/home/tanimoto/ros2_ws/src/mypkg', 'symlink_install': False, 'test_result_base': None}
[0.621s] Level 5:colcon.colcon_core.verb:set package 'person_msgs' build argument 'cmake_args' from command line to 'None'
[0.622s] Level 5:colcon.colcon_core.verb:set package 'person_msgs' build argument 'cmake_target' from command line to 'None'
[0.622s] Level 5:colcon.colcon_core.verb:set package 'person_msgs' build argument 'cmake_target_skip_unavailable' from command line to 'False'
[0.622s] Level 5:colcon.colcon_core.verb:set package 'person_msgs' build argument 'cmake_clean_cache' from command line to 'False'
[0.622s] Level 5:colcon.colcon_core.verb:set package 'person_msgs' build argument 'cmake_clean_first' from command line to 'False'
[0.622s] Level 5:colcon.colcon_core.verb:set package 'person_msgs' build argument 'cmake_force_configure' from command line to 'False'
[0.622s] Level 5:colcon.colcon_core.verb:set package 'person_msgs' build argument 'ament_cmake_args' from command line to 'None'
[0.622s] Level 5:colcon.colcon_core.verb:set package 'person_msgs' build argument 'catkin_cmake_args' from command line to 'None'
[0.622s] Level 5:colcon.colcon_core.verb:set package 'person_msgs' build argument 'catkin_skip_building_tests' from command line to 'False'
[0.622s] DEBUG:colcon.colcon_core.verb:Building package 'person_msgs' with the following arguments: {'ament_cmake_args': None, 'build_base': '/home/tanimoto/ros2_ws/build/person_msgs', 'catkin_cmake_args': None, 'catkin_skip_building_tests': False, 'cmake_args': None, 'cmake_clean_cache': False, 'cmake_clean_first': False, 'cmake_force_configure': False, 'cmake_target': None, 'cmake_target_skip_unavailable': False, 'install_base': '/home/tanimoto/ros2_ws/install/person_msgs', 'merge_install': False, 'path': '/home/tanimoto/ros2_ws/src/person_msgs', 'symlink_install': False, 'test_result_base': None}
[0.623s] INFO:colcon.colcon_core.executor:Executing jobs using 'parallel' executor
[0.627s] DEBUG:colcon.colcon_parallel_executor.executor.parallel:run_until_complete
[0.628s] INFO:colcon.colcon_ros.task.ament_python.build:Building ROS package in '/home/tanimoto/ros2_ws/src/mypkg' with build type 'ament_python'
[0.628s] Level 1:colcon.colcon_core.shell:create_environment_hook('mypkg', 'ament_prefix_path')
[0.637s] INFO:colcon.colcon_core.plugin_system:Skipping extension 'colcon_core.shell.bat': Not used on non-Windows systems
[0.637s] INFO:colcon.colcon_core.shell:Creating environment hook '/home/tanimoto/ros2_ws/install/mypkg/share/mypkg/hook/ament_prefix_path.ps1'
[0.641s] INFO:colcon.colcon_core.shell:Creating environment descriptor '/home/tanimoto/ros2_ws/install/mypkg/share/mypkg/hook/ament_prefix_path.dsv'
[0.643s] INFO:colcon.colcon_core.shell:Creating environment hook '/home/tanimoto/ros2_ws/install/mypkg/share/mypkg/hook/ament_prefix_path.sh'
[0.677s] INFO:colcon.colcon_core.shell:Skip shell extension 'powershell' for command environment: Not usable outside of PowerShell
[0.677s] DEBUG:colcon.colcon_core.shell:Skip shell extension 'dsv' for command environment
[0.702s] INFO:colcon.colcon_ros.task.ament_cmake.build:Building ROS package in '/home/tanimoto/ros2_ws/src/person_msgs' with build type 'ament_cmake'
[0.703s] INFO:colcon.colcon_cmake.task.cmake.build:Building CMake package in '/home/tanimoto/ros2_ws/src/person_msgs'
[0.707s] INFO:colcon.colcon_core.shell:Skip shell extension 'powershell' for command environment: Not usable outside of PowerShell
[0.707s] DEBUG:colcon.colcon_core.shell:Skip shell extension 'dsv' for command environment
[1.151s] INFO:colcon.colcon_core.task.python.build:Building Python package in '/home/tanimoto/ros2_ws/src/mypkg'
[1.154s] INFO:colcon.colcon_core.shell:Skip shell extension 'powershell' for command environment: Not usable outside of PowerShell
[1.154s] DEBUG:colcon.colcon_core.shell:Skip shell extension 'dsv' for command environment
[1.202s] DEBUG:colcon.colcon_core.event_handler.log_command:Invoking command in '/home/tanimoto/ros2_ws/build/person_msgs': CMAKE_PREFIX_PATH=/home/tanimoto/ros2_ws/install/mypkg:/opt/ros/dashing /usr/bin/cmake /home/tanimoto/ros2_ws/src/person_msgs -DCMAKE_INSTALL_PREFIX=/home/tanimoto/ros2_ws/install/person_msgs
[1.924s] DEBUG:colcon.colcon_core.event_handler.log_command:Invoking command in '/home/tanimoto/ros2_ws/src/mypkg': PYTHONPATH=/home/tanimoto/ros2_ws/install/mypkg/lib/python3.6/site-packages:${PYTHONPATH} /usr/bin/python3 setup.py egg_info --egg-base ../../build/mypkg build --build-base /home/tanimoto/ros2_ws/build/mypkg/build install --prefix /home/tanimoto/ros2_ws/install/mypkg --record /home/tanimoto/ros2_ws/build/mypkg/install.log --single-version-externally-managed
[2.579s] DEBUG:colcon.colcon_core.event_handler.log_command:Invoked command in '/home/tanimoto/ros2_ws/src/mypkg' returned '0': PYTHONPATH=/home/tanimoto/ros2_ws/install/mypkg/lib/python3.6/site-packages:${PYTHONPATH} /usr/bin/python3 setup.py egg_info --egg-base ../../build/mypkg build --build-base /home/tanimoto/ros2_ws/build/mypkg/build install --prefix /home/tanimoto/ros2_ws/install/mypkg --record /home/tanimoto/ros2_ws/build/mypkg/install.log --single-version-externally-managed
[2.588s] Level 1:colcon.colcon_core.environment:checking '/home/tanimoto/ros2_ws/install/mypkg' for CMake module files
[2.590s] Level 1:colcon.colcon_core.environment:checking '/home/tanimoto/ros2_ws/install/mypkg' for CMake config files
[2.594s] Level 1:colcon.colcon_core.environment:checking '/home/tanimoto/ros2_ws/install/mypkg/lib'
[2.595s] Level 1:colcon.colcon_core.environment:checking '/home/tanimoto/ros2_ws/install/mypkg/bin'
[2.595s] Level 1:colcon.colcon_core.environment:checking '/home/tanimoto/ros2_ws/install/mypkg/lib/pkgconfig/mypkg.pc'
[2.595s] Level 1:colcon.colcon_core.environment:checking '/home/tanimoto/ros2_ws/install/mypkg/lib/python3.6/site-packages'
[2.596s] Level 1:colcon.colcon_core.shell:create_environment_hook('mypkg', 'pythonpath')
[2.598s] INFO:colcon.colcon_core.shell:Creating environment hook '/home/tanimoto/ros2_ws/install/mypkg/share/mypkg/hook/pythonpath.ps1'
[2.600s] INFO:colcon.colcon_core.shell:Creating environment descriptor '/home/tanimoto/ros2_ws/install/mypkg/share/mypkg/hook/pythonpath.dsv'
[2.602s] INFO:colcon.colcon_core.shell:Creating environment hook '/home/tanimoto/ros2_ws/install/mypkg/share/mypkg/hook/pythonpath.sh'
[2.604s] Level 1:colcon.colcon_core.environment:checking '/home/tanimoto/ros2_ws/install/mypkg/bin'
[2.605s] Level 1:colcon.colcon_core.environment:create_environment_scripts_only(mypkg)
[2.607s] INFO:colcon.colcon_core.shell:Creating package script '/home/tanimoto/ros2_ws/install/mypkg/share/mypkg/package.ps1'
[2.610s] INFO:colcon.colcon_core.shell:Creating package descriptor '/home/tanimoto/ros2_ws/install/mypkg/share/mypkg/package.dsv'
[2.612s] INFO:colcon.colcon_core.shell:Creating package script '/home/tanimoto/ros2_ws/install/mypkg/share/mypkg/package.sh'
[2.614s] INFO:colcon.colcon_core.shell:Creating package script '/home/tanimoto/ros2_ws/install/mypkg/share/mypkg/package.bash'
[2.616s] INFO:colcon.colcon_core.shell:Creating package script '/home/tanimoto/ros2_ws/install/mypkg/share/mypkg/package.zsh'
[2.618s] Level 1:colcon.colcon_core.environment:create_file_with_runtime_dependencies(/home/tanimoto/ros2_ws/install/mypkg/share/colcon-core/packages/mypkg)
[10.939s] DEBUG:colcon.colcon_core.event_handler.log_command:Invoked command in '/home/tanimoto/ros2_ws/build/person_msgs' returned '0': CMAKE_PREFIX_PATH=/home/tanimoto/ros2_ws/install/mypkg:/opt/ros/dashing /usr/bin/cmake /home/tanimoto/ros2_ws/src/person_msgs -DCMAKE_INSTALL_PREFIX=/home/tanimoto/ros2_ws/install/person_msgs
[10.964s] DEBUG:colcon.colcon_core.event_handler.log_command:Invoking command in '/home/tanimoto/ros2_ws/build/person_msgs': CMAKE_PREFIX_PATH=/home/tanimoto/ros2_ws/install/mypkg:/opt/ros/dashing /usr/bin/cmake --build /home/tanimoto/ros2_ws/build/person_msgs -- -j8 -l8
[11.194s] DEBUG:colcon.colcon_core.event_handler.log_command:Invoked command in '/home/tanimoto/ros2_ws/build/person_msgs' returned '0': CMAKE_PREFIX_PATH=/home/tanimoto/ros2_ws/install/mypkg:/opt/ros/dashing /usr/bin/cmake --build /home/tanimoto/ros2_ws/build/person_msgs -- -j8 -l8
[11.459s] DEBUG:colcon.colcon_core.event_handler.log_command:Invoking command in '/home/tanimoto/ros2_ws/build/person_msgs': CMAKE_PREFIX_PATH=/home/tanimoto/ros2_ws/install/mypkg:/opt/ros/dashing /usr/bin/cmake --build /home/tanimoto/ros2_ws/build/person_msgs --target install -- -j8 -l8
[11.827s] Level 1:colcon.colcon_core.environment:create_environment_scripts_only(person_msgs)
[11.836s] Level 1:colcon.colcon_core.environment:checking '/home/tanimoto/ros2_ws/install/person_msgs' for CMake module files
[11.839s] DEBUG:colcon.colcon_core.event_handler.log_command:Invoked command in '/home/tanimoto/ros2_ws/build/person_msgs' returned '0': CMAKE_PREFIX_PATH=/home/tanimoto/ros2_ws/install/mypkg:/opt/ros/dashing /usr/bin/cmake --build /home/tanimoto/ros2_ws/build/person_msgs --target install -- -j8 -l8
[11.842s] Level 1:colcon.colcon_core.environment:checking '/home/tanimoto/ros2_ws/install/person_msgs' for CMake config files
[11.846s] Level 1:colcon.colcon_core.shell:create_environment_hook('person_msgs', 'cmake_prefix_path')
[11.850s] INFO:colcon.colcon_core.shell:Creating environment hook '/home/tanimoto/ros2_ws/install/person_msgs/share/person_msgs/hook/cmake_prefix_path.ps1'
[11.857s] INFO:colcon.colcon_core.shell:Creating environment descriptor '/home/tanimoto/ros2_ws/install/person_msgs/share/person_msgs/hook/cmake_prefix_path.dsv'
[11.861s] INFO:colcon.colcon_core.shell:Creating environment hook '/home/tanimoto/ros2_ws/install/person_msgs/share/person_msgs/hook/cmake_prefix_path.sh'
[11.870s] Level 1:colcon.colcon_core.environment:checking '/home/tanimoto/ros2_ws/install/person_msgs/bin'
[11.871s] Level 1:colcon.colcon_core.environment:checking '/home/tanimoto/ros2_ws/install/person_msgs/lib/pkgconfig/person_msgs.pc'
[11.872s] Level 1:colcon.colcon_core.environment:checking '/home/tanimoto/ros2_ws/install/person_msgs/lib/python3.6/site-packages'
[11.873s] Level 1:colcon.colcon_core.environment:checking '/home/tanimoto/ros2_ws/install/person_msgs/bin'
[11.878s] INFO:colcon.colcon_core.shell:Creating package script '/home/tanimoto/ros2_ws/install/person_msgs/share/person_msgs/package.ps1'
[11.883s] INFO:colcon.colcon_core.shell:Creating package descriptor '/home/tanimoto/ros2_ws/install/person_msgs/share/person_msgs/package.dsv'
[11.888s] INFO:colcon.colcon_core.shell:Creating package script '/home/tanimoto/ros2_ws/install/person_msgs/share/person_msgs/package.sh'
[11.893s] INFO:colcon.colcon_core.shell:Creating package script '/home/tanimoto/ros2_ws/install/person_msgs/share/person_msgs/package.bash'
[11.897s] INFO:colcon.colcon_core.shell:Creating package script '/home/tanimoto/ros2_ws/install/person_msgs/share/person_msgs/package.zsh'
[11.901s] Level 1:colcon.colcon_core.environment:create_file_with_runtime_dependencies(/home/tanimoto/ros2_ws/install/person_msgs/share/colcon-core/packages/person_msgs)
[12.099s] Level 1:colcon.colcon_core.environment:create_environment_scripts_only(person_msgs)
[12.107s] Level 1:colcon.colcon_core.environment:checking '/home/tanimoto/ros2_ws/install/person_msgs' for CMake module files
[12.112s] Level 1:colcon.colcon_core.environment:checking '/home/tanimoto/ros2_ws/install/person_msgs' for CMake config files
[12.116s] Level 1:colcon.colcon_core.shell:create_environment_hook('person_msgs', 'cmake_prefix_path')
[12.121s] INFO:colcon.colcon_core.shell:Creating environment hook '/home/tanimoto/ros2_ws/install/person_msgs/share/person_msgs/hook/cmake_prefix_path.ps1'
[12.129s] INFO:colcon.colcon_core.shell:Creating environment descriptor '/home/tanimoto/ros2_ws/install/person_msgs/share/person_msgs/hook/cmake_prefix_path.dsv'
[12.133s] INFO:colcon.colcon_core.shell:Creating environment hook '/home/tanimoto/ros2_ws/install/person_msgs/share/person_msgs/hook/cmake_prefix_path.sh'
[12.137s] Level 1:colcon.colcon_core.environment:checking '/home/tanimoto/ros2_ws/install/person_msgs/bin'
[12.138s] Level 1:colcon.colcon_core.environment:checking '/home/tanimoto/ros2_ws/install/person_msgs/lib/pkgconfig/person_msgs.pc'
[12.139s] Level 1:colcon.colcon_core.environment:checking '/home/tanimoto/ros2_ws/install/person_msgs/lib/python3.6/site-packages'
[12.140s] Level 1:colcon.colcon_core.environment:checking '/home/tanimoto/ros2_ws/install/person_msgs/bin'
[12.145s] INFO:colcon.colcon_core.shell:Creating package script '/home/tanimoto/ros2_ws/install/person_msgs/share/person_msgs/package.ps1'
[12.148s] INFO:colcon.colcon_core.shell:Creating package descriptor '/home/tanimoto/ros2_ws/install/person_msgs/share/person_msgs/package.dsv'
[12.152s] INFO:colcon.colcon_core.shell:Creating package script '/home/tanimoto/ros2_ws/install/person_msgs/share/person_msgs/package.sh'
[12.155s] INFO:colcon.colcon_core.shell:Creating package script '/home/tanimoto/ros2_ws/install/person_msgs/share/person_msgs/package.bash'
[12.159s] INFO:colcon.colcon_core.shell:Creating package script '/home/tanimoto/ros2_ws/install/person_msgs/share/person_msgs/package.zsh'
[12.162s] Level 1:colcon.colcon_core.environment:create_file_with_runtime_dependencies(/home/tanimoto/ros2_ws/install/person_msgs/share/colcon-core/packages/person_msgs)
[12.165s] DEBUG:colcon.colcon_parallel_executor.executor.parallel:closing loop
[12.167s] DEBUG:colcon.colcon_parallel_executor.executor.parallel:loop closed
[12.169s] DEBUG:colcon.colcon_parallel_executor.executor.parallel:run_until_complete finished with '0'
[12.170s] DEBUG:colcon.colcon_core.event_reactor:joining thread
[12.223s] INFO:colcon.colcon_core.plugin_system:Skipping extension 'colcon_notification.desktop_notification.notify_send': Could not find 'notify-send'
[12.223s] INFO:colcon.colcon_core.plugin_system:Skipping extension 'colcon_notification.desktop_notification.terminal_notifier': Not used on non-Darwin systems
[12.224s] INFO:colcon.colcon_core.plugin_system:Skipping extension 'colcon_notification.desktop_notification.win32': Not used on non-Windows systems
[12.224s] INFO:colcon.colcon_notification.desktop_notification:Sending desktop notification using 'notify2'
[12.299s] DEBUG:colcon.colcon_notification.desktop_notification.notify2:Failed to initialize notify2: org.freedesktop.DBus.Error.ServiceUnknown: The name org.freedesktop.Notifications was not provided by any .service files
[12.301s] DEBUG:colcon.colcon_core.event_reactor:joined thread
[12.309s] INFO:colcon.colcon_core.shell:Creating prefix script '/home/tanimoto/ros2_ws/install/local_setup.ps1'
[12.320s] INFO:colcon.colcon_core.shell:Creating prefix util module '/home/tanimoto/ros2_ws/install/_local_setup_util_ps1.py'
[12.328s] INFO:colcon.colcon_core.shell:Creating prefix chain script '/home/tanimoto/ros2_ws/install/setup.ps1'
[12.338s] INFO:colcon.colcon_core.shell:Creating prefix script '/home/tanimoto/ros2_ws/install/local_setup.sh'
[12.343s] INFO:colcon.colcon_core.shell:Creating prefix util module '/home/tanimoto/ros2_ws/install/_local_setup_util_sh.py'
[12.348s] INFO:colcon.colcon_core.shell:Creating prefix chain script '/home/tanimoto/ros2_ws/install/setup.sh'
[12.360s] INFO:colcon.colcon_core.shell:Creating prefix script '/home/tanimoto/ros2_ws/install/local_setup.bash'
[12.365s] INFO:colcon.colcon_core.shell:Creating prefix chain script '/home/tanimoto/ros2_ws/install/setup.bash'
[12.373s] INFO:colcon.colcon_core.shell:Creating prefix script '/home/tanimoto/ros2_ws/install/local_setup.zsh'
[12.378s] INFO:colcon.colcon_core.shell:Creating prefix chain script '/home/tanimoto/ros2_ws/install/setup.zsh'
